Started GET "/" for ::1 at 2016-10-16 23:45:30 -0700
DEPRECATION WARNING: ActiveRecord::Base.raise_in_transactional_callbacks= is deprecated, has no effect and will be removed without replacement. (called from raise_in_transactional_callbacks= at /Users/kmccall/.rbenv/versions/2.3.1/lib/ruby/gems/2.3.0/gems/activerecord-5.0.0.1/lib/active_record/transactions.rb:283)

ActionController::RoutingError - uninitialized constant StaticPagesController:
  actionpack (5.0.0.1) lib/action_dispatch/routing/route_set.rb:46:in `rescue in controller'
  actionpack (5.0.0.1) lib/action_dispatch/routing/route_set.rb:44:in `controller'
  actionpack (5.0.0.1) lib/action_dispatch/routing/route_set.rb:30:in `serve'
  actionpack (5.0.0.1) lib/action_dispatch/journey/router.rb:39:in `block in serve'
  actionpack (5.0.0.1) lib/action_dispatch/journey/router.rb:26:in `serve'
  actionpack (5.0.0.1) lib/action_dispatch/routing/route_set.rb:725:in `call'
  rack (2.0.1) lib/rack/etag.rb:25:in `call'
  rack (2.0.1) lib/rack/conditional_get.rb:25:in `call'
  rack (2.0.1) lib/rack/head.rb:12:in `call'
  rack (2.0.1) lib/rack/session/abstract/id.rb:222:in `context'
  rack (2.0.1) lib/rack/session/abstract/id.rb:216:in `call'
  actionpack (5.0.0.1) lib/action_dispatch/middleware/cookies.rb:613:in `call'
  activerecord (5.0.0.1) lib/active_record/migration.rb:552:in `call'
  actionpack (5.0.0.1) lib/action_dispatch/middleware/callbacks.rb:38:in `block in call'
  activesupport (5.0.0.1) lib/active_support/callbacks.rb:97:in `__run_callbacks__'
  activesupport (5.0.0.1) lib/active_support/callbacks.rb:750:in `_run_call_callbacks'
  activesupport (5.0.0.1) lib/active_support/callbacks.rb:90:in `run_callbacks'
  actionpack (5.0.0.1) lib/action_dispatch/middleware/callbacks.rb:36:in `call'
  actionpack (5.0.0.1) lib/action_dispatch/middleware/executor.rb:12:in `call'
  actionpack (5.0.0.1) lib/action_dispatch/middleware/remote_ip.rb:79:in `call'
  better_errors (2.1.1) lib/better_errors/middleware.rb:84:in `protected_app_call'
  better_errors (2.1.1) lib/better_errors/middleware.rb:79:in `better_errors_call'
  better_errors (2.1.1) lib/better_errors/middleware.rb:57:in `call'
  actionpack (5.0.0.1) lib/action_dispatch/middleware/debug_exceptions.rb:49:in `call'
  web-console (3.3.1) lib/web_console/middleware.rb:131:in `call_app'
  web-console (3.3.1) lib/web_console/middleware.rb:28:in `block in call'
  web-console (3.3.1) lib/web_console/middleware.rb:18:in `call'
  actionpack (5.0.0.1) lib/action_dispatch/middleware/show_exceptions.rb:31:in `call'
  railties (5.0.0.1) lib/rails/rack/logger.rb:36:in `call_app'
  railties (5.0.0.1) lib/rails/rack/logger.rb:24:in `block in call'
  activesupport (5.0.0.1) lib/active_support/tagged_logging.rb:70:in `block in tagged'
  activesupport (5.0.0.1) lib/active_support/tagged_logging.rb:26:in `tagged'
  activesupport (5.0.0.1) lib/active_support/tagged_logging.rb:70:in `tagged'
  railties (5.0.0.1) lib/rails/rack/logger.rb:24:in `call'
  actionpack (5.0.0.1) lib/action_dispatch/middleware/request_id.rb:24:in `call'
  rack (2.0.1) lib/rack/method_override.rb:22:in `call'
  rack (2.0.1) lib/rack/runtime.rb:22:in `call'
  activesupport (5.0.0.1) lib/active_support/cache/strategy/local_cache_middleware.rb:28:in `call'
  actionpack (5.0.0.1) lib/action_dispatch/middleware/executor.rb:12:in `call'
  rack-livereload (0.3.16) lib/rack/livereload.rb:23:in `_call'
  rack-livereload (0.3.16) lib/rack/livereload.rb:14:in `call'
  actionpack (5.0.0.1) lib/action_dispatch/middleware/static.rb:136:in `call'
  rack (2.0.1) lib/rack/sendfile.rb:111:in `call'
  railties (5.0.0.1) lib/rails/engine.rb:522:in `call'
  puma (3.6.0) lib/puma/configuration.rb:225:in `call'
  puma (3.6.0) lib/puma/server.rb:578:in `handle_request'
  puma (3.6.0) lib/puma/server.rb:415:in `process_client'
  puma (3.6.0) lib/puma/server.rb:275:in `block in run'
  puma (3.6.0) lib/puma/thread_pool.rb:116:in `block in spawn_thread'

Started POST "/__better_errors/0a42d186c6ec07d8/variables" for ::1 at 2016-10-16 23:45:31 -0700
Started GET "/" for ::1 at 2016-10-16 23:47:19 -0700
Processing by StaticPagesController#index as HTML
  Rendering static_pages/index.html.erb within layouts/application
  Rendered shared/_sections_sidebar.html.erb (0.4ms)
  Rendered shared/_gear_dropdown.html.erb (0.6ms)
  Rendered shared/_main_nav.html.erb (12.9ms)
  Rendered shared/_masthead.html.erb (1.1ms)
  Rendered shared/_search_modal.html.erb (0.9ms)
  Rendered shared/_sections_nav.html.erb (8.5ms)
  Rendered shared/_search_modal.html.erb (0.1ms)
  Rendered shared/_main_content.html.erb (0.6ms)
  Rendered static_pages/index.html.erb within layouts/application (51.5ms)
Completed 200 OK in 939ms (Views: 919.4ms | ActiveRecord: 0.0ms)


Started GET "/assets/turbolinks.self-c5acd7a204f5f25ce7a1d8a0e4d92e28d34c9e2df2c7371cd7af88e147e4ad82.js?body=1" for ::1 at 2016-10-16 23:47:20 -0700
Started GET "/assets/jquery_ujs.self-784a997f6726036b1993eb2217c9cb558e1cbb801c6da88105588c56f13b466a.js?body=1" for ::1 at 2016-10-16 23:47:20 -0700
Started GET "/assets/jquery.self-bd7ddd393353a8d2480a622e80342adf488fb6006d667e8b42e4c0073393abee.js?body=1" for ::1 at 2016-10-16 23:47:20 -0700
Started GET "/assets/components/dropdown.self-6ec5cca9d11e438650145aa29adf3b6584fc46a0b955bdc923c1095688a9925f.js?body=1" for ::1 at 2016-10-16 23:47:20 -0700
Started GET "/assets/application.self-b89234cf2659d7fedea75bca0b8d231ad7dfc2f3f57fcbaf5f44ed9dc384137b.js?body=1" for ::1 at 2016-10-16 23:47:20 -0700
Started GET "/assets/application.self-14b8998c29f7eb5535c0fabd5d0fadc1c6fa0003ae0f90502ab6c44cbc0748d5.css?body=1" for ::1 at 2016-10-16 23:47:20 -0700
Started GET "/assets/components/sidebar.self-2a1277f850a6fa21e1a974ef5152f177ac05516477d5081d593bb137b3d6808b.js?body=1" for ::1 at 2016-10-16 23:47:20 -0700
Started GET "/assets/components/modal.self-52188644dbb47def5ee35ae02e69eb567ca9b664472357a8a5789dd39032a265.js?body=1" for ::1 at 2016-10-16 23:47:20 -0700
Started GET "/assets/AA_Times_Logo.png" for ::1 at 2016-10-16 23:47:20 -0700
Started GET "/assets/new_office.jpg" for ::1 at 2016-10-16 23:47:20 -0700
Started GET "/" for ::1 at 2016-10-17 00:16:41 -0700
DEPRECATION WARNING: ActiveRecord::Base.raise_in_transactional_callbacks= is deprecated, has no effect and will be removed without replacement. (called from raise_in_transactional_callbacks= at /Users/kmccall/.rbenv/versions/2.3.1/lib/ruby/gems/2.3.0/gems/activerecord-5.0.0.1/lib/active_record/transactions.rb:283)
Processing by StaticPagesController#index as HTML
  Rendering static_pages/index.html.erb within layouts/application
  Rendered shared/_main_nav.html.erb (0.3ms)
  Rendered shared/_masthead.html.erb (0.2ms)
  Rendered shared/_search_modal.html.erb (0.2ms)
  Rendered shared/_sections_nav.html.erb (2.0ms)
  Rendered shared/_search_modal.html.erb (0.1ms)
  Rendered shared/_main_content.html.erb (0.3ms)
  Rendered static_pages/index.html.erb within layouts/application (16.7ms)
Completed 200 OK in 494ms (Views: 477.6ms | ActiveRecord: 0.0ms)


Started GET "/assets/application.self-29711da439f98a3728b49ad3b75c506b3f012b1c421ec90ffbcf2cf5a5b3b8cf.css?body=1" for ::1 at 2016-10-17 00:16:42 -0700
Started GET "/assets/jquery.self-bd7ddd393353a8d2480a622e80342adf488fb6006d667e8b42e4c0073393abee.js?body=1" for ::1 at 2016-10-17 00:16:42 -0700
Started GET "/assets/turbolinks.self-c5acd7a204f5f25ce7a1d8a0e4d92e28d34c9e2df2c7371cd7af88e147e4ad82.js?body=1" for ::1 at 2016-10-17 00:16:42 -0700
Started GET "/assets/jquery_ujs.self-784a997f6726036b1993eb2217c9cb558e1cbb801c6da88105588c56f13b466a.js?body=1" for ::1 at 2016-10-17 00:16:42 -0700
Started GET "/assets/components/dropdown.self-6ec5cca9d11e438650145aa29adf3b6584fc46a0b955bdc923c1095688a9925f.js?body=1" for ::1 at 2016-10-17 00:16:42 -0700
Started GET "/assets/components/modal.self-52188644dbb47def5ee35ae02e69eb567ca9b664472357a8a5789dd39032a265.js?body=1" for ::1 at 2016-10-17 00:16:42 -0700
Started GET "/assets/application.self-b89234cf2659d7fedea75bca0b8d231ad7dfc2f3f57fcbaf5f44ed9dc384137b.js?body=1" for ::1 at 2016-10-17 00:16:42 -0700
Started GET "/assets/components/sidebar.self-2a1277f850a6fa21e1a974ef5152f177ac05516477d5081d593bb137b3d6808b.js?body=1" for ::1 at 2016-10-17 00:16:42 -0700
Started GET "/" for ::1 at 2016-10-17 00:17:35 -0700
Processing by StaticPagesController#index as HTML
  Rendering static_pages/index.html.erb within layouts/application
  Rendered shared/_main_nav.html.erb (0.4ms)
  Rendered shared/_masthead.html.erb (0.3ms)
  Rendered shared/_sections_nav.html.erb (0.5ms)
  Rendered shared/_search_modal.html.erb (0.3ms)
  Rendered shared/_main_content.html.erb (0.3ms)
  Rendered static_pages/index.html.erb within layouts/application (11.9ms)
Completed 200 OK in 44ms (Views: 40.0ms | ActiveRecord: 0.0ms)


Started GET "/assets/jquery_ujs.self-784a997f6726036b1993eb2217c9cb558e1cbb801c6da88105588c56f13b466a.js?body=1" for ::1 at 2016-10-17 00:17:35 -0700
Started GET "/assets/application.self-29711da439f98a3728b49ad3b75c506b3f012b1c421ec90ffbcf2cf5a5b3b8cf.css?body=1" for ::1 at 2016-10-17 00:17:35 -0700
Started GET "/assets/jquery.self-bd7ddd393353a8d2480a622e80342adf488fb6006d667e8b42e4c0073393abee.js?body=1" for ::1 at 2016-10-17 00:17:35 -0700
Started GET "/assets/components/modal.self-52188644dbb47def5ee35ae02e69eb567ca9b664472357a8a5789dd39032a265.js?body=1" for ::1 at 2016-10-17 00:17:35 -0700
Started GET "/assets/components/sidebar.self-2a1277f850a6fa21e1a974ef5152f177ac05516477d5081d593bb137b3d6808b.js?body=1" for ::1 at 2016-10-17 00:17:35 -0700
Started GET "/assets/turbolinks.self-c5acd7a204f5f25ce7a1d8a0e4d92e28d34c9e2df2c7371cd7af88e147e4ad82.js?body=1" for ::1 at 2016-10-17 00:17:35 -0700
Started GET "/assets/components/dropdown.self-6ec5cca9d11e438650145aa29adf3b6584fc46a0b955bdc923c1095688a9925f.js?body=1" for ::1 at 2016-10-17 00:17:35 -0700
Started GET "/assets/application.self-b89234cf2659d7fedea75bca0b8d231ad7dfc2f3f57fcbaf5f44ed9dc384137b.js?body=1" for ::1 at 2016-10-17 00:17:35 -0700
Started GET "/" for ::1 at 2017-07-19 19:55:57 -0700
DEPRECATION WARNING: ActiveRecord::Base.raise_in_transactional_callbacks= is deprecated, has no effect and will be removed without replacement. (called from raise_in_transactional_callbacks= at /Users/kevinmathews/.rbenv/versions/2.3.1/lib/ruby/gems/2.3.0/gems/activerecord-5.0.0.1/lib/active_record/transactions.rb:283)
Processing by StaticPagesController#index as HTML
  Rendering static_pages/index.html.erb within layouts/application
  Rendered shared/_main_nav.html.erb (0.3ms)
  Rendered shared/_masthead.html.erb (0.2ms)
  Rendered shared/_sections_nav.html.erb (0.3ms)
  Rendered shared/_search_modal.html.erb (0.2ms)
  Rendered shared/_main_content.html.erb (0.2ms)
  Rendered static_pages/index.html.erb within layouts/application (10.7ms)
Completed 200 OK in 522ms (Views: 511.5ms | ActiveRecord: 0.0ms)


Started GET "/assets/application.self-2c864e183cac67d44977302d06729af112759cdd07241555c681bcff3906b332.css?body=1" for ::1 at 2017-07-19 19:55:58 -0700
Started GET "/assets/components/modal.self-52188644dbb47def5ee35ae02e69eb567ca9b664472357a8a5789dd39032a265.js?body=1" for ::1 at 2017-07-19 19:55:58 -0700
Started GET "/assets/components/sidebar.self-2a1277f850a6fa21e1a974ef5152f177ac05516477d5081d593bb137b3d6808b.js?body=1" for ::1 at 2017-07-19 19:55:58 -0700
Started GET "/assets/jquery_ujs.self-784a997f6726036b1993eb2217c9cb558e1cbb801c6da88105588c56f13b466a.js?body=1" for ::1 at 2017-07-19 19:55:58 -0700
Started GET "/assets/turbolinks.self-c5acd7a204f5f25ce7a1d8a0e4d92e28d34c9e2df2c7371cd7af88e147e4ad82.js?body=1" for ::1 at 2017-07-19 19:55:58 -0700
Started GET "/assets/application.self-b89234cf2659d7fedea75bca0b8d231ad7dfc2f3f57fcbaf5f44ed9dc384137b.js?body=1" for ::1 at 2017-07-19 19:55:58 -0700
Started GET "/assets/components/dropdown.self-8396e932f47c9e34318e60252b823fa6432bea237d646e163b2bc27699058e68.js?body=1" for ::1 at 2017-07-19 19:55:58 -0700
Started GET "/assets/jquery.self-bd7ddd393353a8d2480a622e80342adf488fb6006d667e8b42e4c0073393abee.js?body=1" for ::1 at 2017-07-19 19:55:58 -0700
Started GET "/assets/application.self-2c864e183cac67d44977302d06729af112759cdd07241555c681bcff3906b332.css?body=1&livereload=1500519629358" for ::1 at 2017-07-19 20:00:29 -0700
Started GET "/assets/application.self-2c864e183cac67d44977302d06729af112759cdd07241555c681bcff3906b332.css?body=1&livereload=1500519629362" for ::1 at 2017-07-19 20:00:29 -0700
Started GET "/assets/application.self-2c864e183cac67d44977302d06729af112759cdd07241555c681bcff3906b332.css?body=1&livereload=1500519634739" for ::1 at 2017-07-19 20:00:34 -0700
Started GET "/assets/application.self-2c864e183cac67d44977302d06729af112759cdd07241555c681bcff3906b332.css?body=1&livereload=1500519634741" for ::1 at 2017-07-19 20:00:34 -0700
Started GET "/assets/application.self-2c864e183cac67d44977302d06729af112759cdd07241555c681bcff3906b332.css?body=1&livereload=1500519648798" for ::1 at 2017-07-19 20:00:48 -0700
Started GET "/assets/application.self-2c864e183cac67d44977302d06729af112759cdd07241555c681bcff3906b332.css?body=1&livereload=1500519648800" for ::1 at 2017-07-19 20:00:48 -0700
Started GET "/assets/application.self-2c864e183cac67d44977302d06729af112759cdd07241555c681bcff3906b332.css?body=1&livereload=1500519701058" for ::1 at 2017-07-19 20:01:41 -0700
Started GET "/assets/application.self-2c864e183cac67d44977302d06729af112759cdd07241555c681bcff3906b332.css?body=1&livereload=1500519701059" for ::1 at 2017-07-19 20:01:41 -0700
Started GET "/assets/application.self-2c864e183cac67d44977302d06729af112759cdd07241555c681bcff3906b332.css?body=1&livereload=1500519765754" for ::1 at 2017-07-19 20:02:45 -0700
Started GET "/assets/application.self-2c864e183cac67d44977302d06729af112759cdd07241555c681bcff3906b332.css?body=1&livereload=1500519765755" for ::1 at 2017-07-19 20:02:45 -0700
Started GET "/assets/application.self-2c864e183cac67d44977302d06729af112759cdd07241555c681bcff3906b332.css?body=1&livereload=1500519782613" for ::1 at 2017-07-19 20:03:02 -0700
Started GET "/assets/application.self-2c864e183cac67d44977302d06729af112759cdd07241555c681bcff3906b332.css?body=1&livereload=1500519782614" for ::1 at 2017-07-19 20:03:02 -0700
Started GET "/" for ::1 at 2017-07-19 20:03:06 -0700
Processing by StaticPagesController#index as HTML
  Rendering static_pages/index.html.erb within layouts/application
  Rendered shared/_main_nav.html.erb (0.3ms)
  Rendered shared/_masthead.html.erb (0.2ms)
  Rendered shared/_sections_nav.html.erb (0.2ms)
  Rendered shared/_search_modal.html.erb (0.6ms)
  Rendered shared/_main_content.html.erb (0.4ms)
  Rendered static_pages/index.html.erb within layouts/application (10.6ms)
Completed 200 OK in 41ms (Views: 37.8ms | ActiveRecord: 0.0ms)


Started GET "/assets/application.self-e536d58bafbbc0100adb394a6d8f3a2f38b4f11801329c59e665066fa00828ed.css?body=1" for ::1 at 2017-07-19 20:03:06 -0700
Started GET "/" for ::1 at 2017-08-01 11:49:36 -0700
DEPRECATION WARNING: ActiveRecord::Base.raise_in_transactional_callbacks= is deprecated, has no effect and will be removed without replacement. (called from raise_in_transactional_callbacks= at /Users/kevinmathews/.rbenv/versions/2.3.1/lib/ruby/gems/2.3.0/gems/activerecord-5.0.0.1/lib/active_record/transactions.rb:283)
Processing by StaticPagesController#index as HTML
  Rendering static_pages/index.html.erb within layouts/application
  Rendered shared/_main_nav.html.erb (0.2ms)
  Rendered shared/_masthead.html.erb (0.2ms)
  Rendered shared/_sections_nav.html.erb (0.3ms)
  Rendered shared/_search_modal.html.erb (0.2ms)
  Rendered shared/_main_content.html.erb (0.2ms)
  Rendered static_pages/index.html.erb within layouts/application (10.6ms)
Completed 200 OK in 308ms (Views: 297.6ms | ActiveRecord: 0.0ms)


Started GET "/assets/application.self-e536d58bafbbc0100adb394a6d8f3a2f38b4f11801329c59e665066fa00828ed.css?body=1" for ::1 at 2017-08-01 11:49:36 -0700
Started GET "/assets/components/modal.self-52188644dbb47def5ee35ae02e69eb567ca9b664472357a8a5789dd39032a265.js?body=1" for ::1 at 2017-08-01 11:49:36 -0700
Started GET "/assets/jquery_ujs.self-784a997f6726036b1993eb2217c9cb558e1cbb801c6da88105588c56f13b466a.js?body=1" for ::1 at 2017-08-01 11:49:36 -0700
Started GET "/assets/turbolinks.self-c5acd7a204f5f25ce7a1d8a0e4d92e28d34c9e2df2c7371cd7af88e147e4ad82.js?body=1" for ::1 at 2017-08-01 11:49:36 -0700
Started GET "/assets/components/dropdown.self-8396e932f47c9e34318e60252b823fa6432bea237d646e163b2bc27699058e68.js?body=1" for ::1 at 2017-08-01 11:49:36 -0700
Started GET "/assets/application.self-b89234cf2659d7fedea75bca0b8d231ad7dfc2f3f57fcbaf5f44ed9dc384137b.js?body=1" for ::1 at 2017-08-01 11:49:36 -0700
Started GET "/assets/components/sidebar.self-2a1277f850a6fa21e1a974ef5152f177ac05516477d5081d593bb137b3d6808b.js?body=1" for ::1 at 2017-08-01 11:49:36 -0700
Started GET "/assets/jquery.self-bd7ddd393353a8d2480a622e80342adf488fb6006d667e8b42e4c0073393abee.js?body=1" for ::1 at 2017-08-01 11:49:36 -0700
Started GET "/" for ::1 at 2017-08-01 11:49:39 -0700
Processing by StaticPagesController#index as HTML
  Rendering static_pages/index.html.erb within layouts/application
  Rendered shared/_main_nav.html.erb (0.3ms)
  Rendered shared/_masthead.html.erb (0.8ms)
  Rendered shared/_sections_nav.html.erb (0.3ms)
  Rendered shared/_search_modal.html.erb (0.2ms)
  Rendered shared/_main_content.html.erb (0.2ms)
  Rendered static_pages/index.html.erb within layouts/application (10.9ms)
Completed 200 OK in 30ms (Views: 27.7ms | ActiveRecord: 0.0ms)


Started GET "/" for ::1 at 2017-08-10 20:13:59 -0700
DEPRECATION WARNING: ActiveRecord::Base.raise_in_transactional_callbacks= is deprecated, has no effect and will be removed without replacement. (called from raise_in_transactional_callbacks= at /Users/kevinmathews/.rbenv/versions/2.3.1/lib/ruby/gems/2.3.0/gems/activerecord-5.0.0.1/lib/active_record/transactions.rb:283)
Processing by StaticPagesController#index as HTML
  Rendering static_pages/index.html.erb within layouts/application
  Rendered shared/_main_nav.html.erb (0.7ms)
  Rendered shared/_masthead.html.erb (0.4ms)
  Rendered shared/_sections_nav.html.erb (0.3ms)
  Rendered shared/_search_modal.html.erb (0.2ms)
  Rendered shared/_main_content.html.erb (0.3ms)
  Rendered static_pages/index.html.erb within layouts/application (14.6ms)
Completed 200 OK in 451ms (Views: 440.6ms | ActiveRecord: 0.0ms)


Started GET "/assets/application.self-17b384fea3540925c5e40544cbd0ccf7f14fa8aa3d68377f7c989f61b2a0a635.css?body=1" for ::1 at 2017-08-10 20:14:00 -0700
Started GET "/assets/components/dropdown.self-8396e932f47c9e34318e60252b823fa6432bea237d646e163b2bc27699058e68.js?body=1" for ::1 at 2017-08-10 20:14:00 -0700
Started GET "/assets/turbolinks.self-c5acd7a204f5f25ce7a1d8a0e4d92e28d34c9e2df2c7371cd7af88e147e4ad82.js?body=1" for ::1 at 2017-08-10 20:14:00 -0700
Started GET "/assets/jquery_ujs.self-784a997f6726036b1993eb2217c9cb558e1cbb801c6da88105588c56f13b466a.js?body=1" for ::1 at 2017-08-10 20:14:00 -0700
Started GET "/assets/components/sidebar.self-2a1277f850a6fa21e1a974ef5152f177ac05516477d5081d593bb137b3d6808b.js?body=1" for ::1 at 2017-08-10 20:14:00 -0700
Started GET "/assets/components/modal.self-52188644dbb47def5ee35ae02e69eb567ca9b664472357a8a5789dd39032a265.js?body=1" for ::1 at 2017-08-10 20:14:00 -0700
Started GET "/assets/application.self-b89234cf2659d7fedea75bca0b8d231ad7dfc2f3f57fcbaf5f44ed9dc384137b.js?body=1" for ::1 at 2017-08-10 20:14:00 -0700
Started GET "/assets/jquery.self-bd7ddd393353a8d2480a622e80342adf488fb6006d667e8b42e4c0073393abee.js?body=1" for ::1 at 2017-08-10 20:14:00 -0700
Started GET "/" for ::1 at 2017-08-10 20:14:02 -0700
Processing by StaticPagesController#index as HTML
  Rendering static_pages/index.html.erb within layouts/application
  Rendered shared/_main_nav.html.erb (0.3ms)
  Rendered shared/_masthead.html.erb (0.3ms)
  Rendered shared/_sections_nav.html.erb (0.2ms)
  Rendered shared/_search_modal.html.erb (0.2ms)
  Rendered shared/_main_content.html.erb (0.2ms)
  Rendered static_pages/index.html.erb within layouts/application (12.3ms)
Completed 200 OK in 46ms (Views: 43.7ms | ActiveRecord: 0.0ms)


Started GET "/" for ::1 at 2017-08-10 20:16:26 -0700
Processing by StaticPagesController#index as HTML
  Rendering static_pages/index.html.erb within layouts/application
  Rendered shared/_main_nav.html.erb (0.6ms)
  Rendered shared/_masthead.html.erb (0.2ms)
  Rendered shared/_sections_nav.html.erb (0.3ms)
  Rendered shared/_search_modal.html.erb (0.6ms)
  Rendered shared/_main_content.html.erb (0.6ms)
  Rendered static_pages/index.html.erb within layouts/application (11.6ms)
Completed 200 OK in 48ms (Views: 44.8ms | ActiveRecord: 0.0ms)


Started GET "/" for ::1 at 2017-08-10 20:30:32 -0700
Processing by StaticPagesController#index as HTML
  Rendering static_pages/index.html.erb within layouts/application
  Rendered shared/_main_nav.html.erb (0.3ms)
  Rendered shared/_masthead.html.erb (0.5ms)
  Rendered shared/_sections_nav.html.erb (0.2ms)
  Rendered shared/_search_modal.html.erb (0.2ms)
  Rendered shared/_main_content.html.erb (0.3ms)
  Rendered static_pages/index.html.erb within layouts/application (11.5ms)
Completed 200 OK in 39ms (Views: 36.4ms | ActiveRecord: 0.0ms)


Started GET "/" for ::1 at 2017-08-10 20:42:51 -0700
Processing by StaticPagesController#index as HTML
  Rendering static_pages/index.html.erb within layouts/application
  Rendered shared/_main_nav.html.erb (0.3ms)
  Rendered shared/_masthead.html.erb (0.8ms)
  Rendered shared/_sections_nav.html.erb (0.3ms)
  Rendered shared/_search_modal.html.erb (0.3ms)
  Rendered shared/_main_content.html.erb (0.3ms)
  Rendered static_pages/index.html.erb within layouts/application (12.6ms)
Completed 200 OK in 35ms (Views: 33.3ms | ActiveRecord: 0.0ms)


Started GET "/" for ::1 at 2017-08-10 20:43:10 -0700
Processing by StaticPagesController#index as HTML
  Rendering static_pages/index.html.erb within layouts/application
  Rendered shared/_main_nav.html.erb (0.3ms)
  Rendered shared/_masthead.html.erb (0.2ms)
  Rendered shared/_sections_nav.html.erb (0.2ms)
  Rendered shared/_search_modal.html.erb (0.3ms)
  Rendered shared/_main_content.html.erb (0.3ms)
  Rendered static_pages/index.html.erb within layouts/application (9.7ms)
Completed 200 OK in 36ms (Views: 33.7ms | ActiveRecord: 0.0ms)


Started GET "/assets/application.self-17b384fea3540925c5e40544cbd0ccf7f14fa8aa3d68377f7c989f61b2a0a635.css?body=1&livereload=1502424216355" for ::1 at 2017-08-10 21:03:36 -0700
Started GET "/assets/application.self-17b384fea3540925c5e40544cbd0ccf7f14fa8aa3d68377f7c989f61b2a0a635.css?body=1&livereload=1502424216358" for ::1 at 2017-08-10 21:03:36 -0700
Started GET "/assets/application.self-17b384fea3540925c5e40544cbd0ccf7f14fa8aa3d68377f7c989f61b2a0a635.css?body=1&livereload=1502424234265" for ::1 at 2017-08-10 21:03:54 -0700
Started GET "/assets/application.self-17b384fea3540925c5e40544cbd0ccf7f14fa8aa3d68377f7c989f61b2a0a635.css?body=1&livereload=1502424234266" for ::1 at 2017-08-10 21:03:54 -0700
Started GET "/assets/application.self-17b384fea3540925c5e40544cbd0ccf7f14fa8aa3d68377f7c989f61b2a0a635.css?body=1&livereload=1502424240057" for ::1 at 2017-08-10 21:04:00 -0700
Started GET "/assets/application.self-17b384fea3540925c5e40544cbd0ccf7f14fa8aa3d68377f7c989f61b2a0a635.css?body=1&livereload=1502424240058" for ::1 at 2017-08-10 21:04:00 -0700
Started GET "/assets/application.self-17b384fea3540925c5e40544cbd0ccf7f14fa8aa3d68377f7c989f61b2a0a635.css?body=1&livereload=1502424256278" for ::1 at 2017-08-10 21:04:16 -0700
Started GET "/assets/application.self-17b384fea3540925c5e40544cbd0ccf7f14fa8aa3d68377f7c989f61b2a0a635.css?body=1&livereload=1502424256279" for ::1 at 2017-08-10 21:04:16 -0700
Started GET "/assets/application.self-17b384fea3540925c5e40544cbd0ccf7f14fa8aa3d68377f7c989f61b2a0a635.css?body=1&livereload=1502424257582" for ::1 at 2017-08-10 21:04:17 -0700
Started GET "/assets/application.self-17b384fea3540925c5e40544cbd0ccf7f14fa8aa3d68377f7c989f61b2a0a635.css?body=1&livereload=1502424257583" for ::1 at 2017-08-10 21:04:17 -0700
Started GET "/assets/application.self-17b384fea3540925c5e40544cbd0ccf7f14fa8aa3d68377f7c989f61b2a0a635.css?body=1&livereload=1502424280995" for ::1 at 2017-08-10 21:04:40 -0700
Started GET "/assets/application.self-17b384fea3540925c5e40544cbd0ccf7f14fa8aa3d68377f7c989f61b2a0a635.css?body=1&livereload=1502424280996" for ::1 at 2017-08-10 21:04:41 -0700
Started GET "/" for ::1 at 2017-08-10 21:04:41 -0700
Processing by StaticPagesController#index as HTML
  Rendering static_pages/index.html.erb within layouts/application
  Rendered shared/_main_nav.html.erb (0.3ms)
  Rendered shared/_masthead.html.erb (0.3ms)
  Rendered shared/_sections_nav.html.erb (0.3ms)
  Rendered shared/_search_modal.html.erb (0.2ms)
  Rendered shared/_main_content.html.erb (0.3ms)
  Rendered static_pages/index.html.erb within layouts/application (26.0ms)
Completed 200 OK in 177ms (Views: 175.4ms | ActiveRecord: 0.0ms)


Started GET "/assets/application.self-81869d0f72f22b4cedffe68c4de20ce550b5abc780e7a1053f4d4b6dc83d2a43.css?body=1" for ::1 at 2017-08-10 21:04:41 -0700
Started GET "/assets/application.self-81869d0f72f22b4cedffe68c4de20ce550b5abc780e7a1053f4d4b6dc83d2a43.css?body=1&livereload=1502424289276" for ::1 at 2017-08-10 21:04:49 -0700
Started GET "/assets/application.self-81869d0f72f22b4cedffe68c4de20ce550b5abc780e7a1053f4d4b6dc83d2a43.css?body=1&livereload=1502424289279" for ::1 at 2017-08-10 21:04:49 -0700
Started GET "/assets/application.self-81869d0f72f22b4cedffe68c4de20ce550b5abc780e7a1053f4d4b6dc83d2a43.css?body=1&livereload=1502424294866" for ::1 at 2017-08-10 21:04:54 -0700
Started GET "/assets/application.self-81869d0f72f22b4cedffe68c4de20ce550b5abc780e7a1053f4d4b6dc83d2a43.css?body=1&livereload=1502424294867" for ::1 at 2017-08-10 21:04:54 -0700
Started GET "/assets/application.self-81869d0f72f22b4cedffe68c4de20ce550b5abc780e7a1053f4d4b6dc83d2a43.css?body=1&livereload=1502424302928" for ::1 at 2017-08-10 21:05:02 -0700
Started GET "/assets/application.self-81869d0f72f22b4cedffe68c4de20ce550b5abc780e7a1053f4d4b6dc83d2a43.css?body=1&livereload=1502424302928&livereload=1502424302928" for ::1 at 2017-08-10 21:05:02 -0700
Started GET "/assets/application.self-81869d0f72f22b4cedffe68c4de20ce550b5abc780e7a1053f4d4b6dc83d2a43.css?body=1&livereload=1502424306263&livereload=1502424302928" for ::1 at 2017-08-10 21:05:06 -0700
Started GET "/assets/application.self-81869d0f72f22b4cedffe68c4de20ce550b5abc780e7a1053f4d4b6dc83d2a43.css?body=1&livereload=1502424306264&livereload=1502424302928" for ::1 at 2017-08-10 21:05:06 -0700
Started GET "/assets/application.self-81869d0f72f22b4cedffe68c4de20ce550b5abc780e7a1053f4d4b6dc83d2a43.css?body=1&livereload=1502424316774&livereload=1502424302928" for ::1 at 2017-08-10 21:05:16 -0700
Started GET "/assets/application.self-81869d0f72f22b4cedffe68c4de20ce550b5abc780e7a1053f4d4b6dc83d2a43.css?body=1&livereload=1502424316775&livereload=1502424302928" for ::1 at 2017-08-10 21:05:16 -0700
Started GET "/assets/application.self-81869d0f72f22b4cedffe68c4de20ce550b5abc780e7a1053f4d4b6dc83d2a43.css?body=1&livereload=1502424329150&livereload=1502424302928" for ::1 at 2017-08-10 21:05:29 -0700
Started GET "/assets/application.self-81869d0f72f22b4cedffe68c4de20ce550b5abc780e7a1053f4d4b6dc83d2a43.css?body=1&livereload=1502424329151&livereload=1502424302928" for ::1 at 2017-08-10 21:05:29 -0700
Started GET "/assets/application.self-81869d0f72f22b4cedffe68c4de20ce550b5abc780e7a1053f4d4b6dc83d2a43.css?body=1&livereload=1502424352560&livereload=1502424302928" for ::1 at 2017-08-10 21:05:52 -0700
Started GET "/assets/application.self-81869d0f72f22b4cedffe68c4de20ce550b5abc780e7a1053f4d4b6dc83d2a43.css?body=1&livereload=1502424352561&livereload=1502424302928" for ::1 at 2017-08-10 21:05:52 -0700
Started GET "/" for ::1 at 2017-08-10 21:06:12 -0700
Processing by StaticPagesController#index as HTML
  Rendering static_pages/index.html.erb within layouts/application
  Rendered shared/_main_nav.html.erb (0.2ms)
  Rendered shared/_masthead.html.erb (0.3ms)
  Rendered shared/_sections_nav.html.erb (0.3ms)
  Rendered shared/_search_modal.html.erb (0.2ms)
  Rendered shared/_main_content.html.erb (0.2ms)
  Rendered static_pages/index.html.erb within layouts/application (8.8ms)
Completed 200 OK in 31ms (Views: 29.7ms | ActiveRecord: 0.0ms)


Started GET "/assets/application.self-305842a3863e2692f8dbe40d79b8f94cc1ac5936b83f96b66df14abb95a4cdb8.css?body=1" for ::1 at 2017-08-10 21:06:12 -0700
Started GET "/assets/application.self-305842a3863e2692f8dbe40d79b8f94cc1ac5936b83f96b66df14abb95a4cdb8.css?body=1&livereload=1502424428856" for ::1 at 2017-08-10 21:07:08 -0700
Started GET "/assets/application.self-305842a3863e2692f8dbe40d79b8f94cc1ac5936b83f96b66df14abb95a4cdb8.css?body=1&livereload=1502424428859" for ::1 at 2017-08-10 21:07:08 -0700
Started GET "/assets/application.self-305842a3863e2692f8dbe40d79b8f94cc1ac5936b83f96b66df14abb95a4cdb8.css?body=1&livereload=1502424439034" for ::1 at 2017-08-10 21:07:19 -0700
Started GET "/assets/application.self-305842a3863e2692f8dbe40d79b8f94cc1ac5936b83f96b66df14abb95a4cdb8.css?body=1&livereload=1502424439035" for ::1 at 2017-08-10 21:07:19 -0700
Started GET "/" for ::1 at 2017-08-10 21:07:39 -0700
Processing by StaticPagesController#index as HTML
  Rendering static_pages/index.html.erb within layouts/application
  Rendered shared/_main_nav.html.erb (0.4ms)
  Rendered shared/_masthead.html.erb (0.5ms)
  Rendered shared/_sections_nav.html.erb (0.3ms)
  Rendered shared/_search_modal.html.erb (0.2ms)
  Rendered shared/_main_content.html.erb (0.2ms)
  Rendered static_pages/index.html.erb within layouts/application (10.2ms)
Completed 200 OK in 35ms (Views: 32.8ms | ActiveRecord: 0.0ms)


Started GET "/assets/application.self-83503b59603fa311d035213e5ce55fca3c1ccee1d6bfcb9656b267479e0faa8c.css?body=1" for ::1 at 2017-08-10 21:07:39 -0700
Started GET "/assets/application.self-83503b59603fa311d035213e5ce55fca3c1ccee1d6bfcb9656b267479e0faa8c.css?body=1&livereload=1502424481431" for ::1 at 2017-08-10 21:08:01 -0700
Started GET "/assets/application.self-83503b59603fa311d035213e5ce55fca3c1ccee1d6bfcb9656b267479e0faa8c.css?body=1&livereload=1502424481435" for ::1 at 2017-08-10 21:08:01 -0700
Started GET "/" for ::1 at 2017-08-10 21:08:04 -0700
Processing by StaticPagesController#index as HTML
  Rendering static_pages/index.html.erb within layouts/application
  Rendered shared/_main_nav.html.erb (0.4ms)
  Rendered shared/_masthead.html.erb (0.3ms)
  Rendered shared/_sections_nav.html.erb (0.7ms)
  Rendered shared/_search_modal.html.erb (0.4ms)
  Rendered shared/_main_content.html.erb (0.3ms)
  Rendered static_pages/index.html.erb within layouts/application (11.6ms)
Completed 200 OK in 36ms (Views: 34.3ms | ActiveRecord: 0.0ms)


Started GET "/assets/application.self-d5a50523e4097d8b21f37ff73c16eda83a5e529c7b8d1a0497d0c92a769df3b3.css?body=1" for ::1 at 2017-08-10 21:08:04 -0700
Started GET "/assets/application.self-d5a50523e4097d8b21f37ff73c16eda83a5e529c7b8d1a0497d0c92a769df3b3.css?body=1&livereload=1502424543128" for ::1 at 2017-08-10 21:09:03 -0700
Started GET "/assets/application.self-d5a50523e4097d8b21f37ff73c16eda83a5e529c7b8d1a0497d0c92a769df3b3.css?body=1&livereload=1502424543131" for ::1 at 2017-08-10 21:09:03 -0700
Started GET "/assets/application.self-d5a50523e4097d8b21f37ff73c16eda83a5e529c7b8d1a0497d0c92a769df3b3.css?body=1&livereload=1502424545459" for ::1 at 2017-08-10 21:09:05 -0700
Started GET "/assets/application.self-d5a50523e4097d8b21f37ff73c16eda83a5e529c7b8d1a0497d0c92a769df3b3.css?body=1&livereload=1502424545460" for ::1 at 2017-08-10 21:09:05 -0700
Started GET "/assets/application.self-d5a50523e4097d8b21f37ff73c16eda83a5e529c7b8d1a0497d0c92a769df3b3.css?body=1&livereload=1502424824402" for ::1 at 2017-08-10 21:13:44 -0700
Started GET "/assets/application.self-d5a50523e4097d8b21f37ff73c16eda83a5e529c7b8d1a0497d0c92a769df3b3.css?body=1&livereload=1502424824403" for ::1 at 2017-08-10 21:13:44 -0700
Started GET "/assets/application.self-d5a50523e4097d8b21f37ff73c16eda83a5e529c7b8d1a0497d0c92a769df3b3.css?body=1&livereload=1502424833871" for ::1 at 2017-08-10 21:13:53 -0700
Started GET "/assets/application.self-d5a50523e4097d8b21f37ff73c16eda83a5e529c7b8d1a0497d0c92a769df3b3.css?body=1&livereload=1502424833872" for ::1 at 2017-08-10 21:13:53 -0700
Started GET "/assets/application.self-d5a50523e4097d8b21f37ff73c16eda83a5e529c7b8d1a0497d0c92a769df3b3.css?body=1&livereload=1502424872564" for ::1 at 2017-08-10 21:14:32 -0700
Started GET "/assets/application.self-d5a50523e4097d8b21f37ff73c16eda83a5e529c7b8d1a0497d0c92a769df3b3.css?body=1&livereload=1502424872565" for ::1 at 2017-08-10 21:14:32 -0700
Started GET "/" for ::1 at 2017-08-10 21:14:50 -0700
Processing by StaticPagesController#index as HTML
  Rendering static_pages/index.html.erb within layouts/application
  Rendered shared/_main_nav.html.erb (0.3ms)
  Rendered shared/_masthead.html.erb (0.3ms)
  Rendered shared/_sections_nav.html.erb (0.3ms)
  Rendered shared/_search_modal.html.erb (0.4ms)
  Rendered shared/_main_content.html.erb (0.3ms)
  Rendered static_pages/index.html.erb within layouts/application (10.5ms)
Completed 200 OK in 33ms (Views: 31.2ms | ActiveRecord: 0.0ms)


Started GET "/assets/application.self-14eef6ebf08d229e2ff0e2cd8f0867daa4f5fa5be962ae51ac19230cbc1c500c.css?body=1" for ::1 at 2017-08-10 21:14:50 -0700
Started GET "/assets/application.self-14eef6ebf08d229e2ff0e2cd8f0867daa4f5fa5be962ae51ac19230cbc1c500c.css?body=1&livereload=1502424943579" for ::1 at 2017-08-10 21:15:43 -0700
Started GET "/assets/application.self-14eef6ebf08d229e2ff0e2cd8f0867daa4f5fa5be962ae51ac19230cbc1c500c.css?body=1&livereload=1502424943582" for ::1 at 2017-08-10 21:15:43 -0700
Started GET "/" for ::1 at 2017-08-10 21:15:46 -0700
Processing by StaticPagesController#index as HTML
  Rendering static_pages/index.html.erb within layouts/application
  Rendered shared/_main_nav.html.erb (0.3ms)
  Rendered shared/_masthead.html.erb (0.5ms)
  Rendered shared/_sections_nav.html.erb (0.3ms)
  Rendered shared/_search_modal.html.erb (0.2ms)
  Rendered shared/_main_content.html.erb (0.2ms)
  Rendered static_pages/index.html.erb within layouts/application (8.9ms)
Completed 200 OK in 33ms (Views: 30.6ms | ActiveRecord: 0.0ms)


Started GET "/assets/application.self-5ef05a9ae586ff0855cf3371fef0536584583d94533b5c9981dbcbcdc5915cc3.css?body=1" for ::1 at 2017-08-10 21:15:46 -0700
Started GET "/assets/application.self-5ef05a9ae586ff0855cf3371fef0536584583d94533b5c9981dbcbcdc5915cc3.css?body=1&livereload=1502425034054" for ::1 at 2017-08-10 21:17:14 -0700
Started GET "/assets/application.self-5ef05a9ae586ff0855cf3371fef0536584583d94533b5c9981dbcbcdc5915cc3.css?body=1&livereload=1502425034057" for ::1 at 2017-08-10 21:17:14 -0700
Started GET "/" for ::1 at 2017-08-11 09:31:34 -0700
DEPRECATION WARNING: ActiveRecord::Base.raise_in_transactional_callbacks= is deprecated, has no effect and will be removed without replacement. (called from raise_in_transactional_callbacks= at /Users/kevinmathews/.rbenv/versions/2.3.1/lib/ruby/gems/2.3.0/gems/activerecord-5.0.0.1/lib/active_record/transactions.rb:283)
Processing by StaticPagesController#index as HTML
  Rendering static_pages/index.html.erb within layouts/application
  Rendered shared/_main_nav.html.erb (0.5ms)
  Rendered shared/_masthead.html.erb (0.2ms)
  Rendered shared/_sections_nav.html.erb (0.2ms)
  Rendered shared/_search_modal.html.erb (0.3ms)
  Rendered shared/_main_content.html.erb (0.2ms)
  Rendered static_pages/index.html.erb within layouts/application (12.5ms)
Completed 200 OK in 394ms (Views: 379.9ms | ActiveRecord: 0.0ms)


Started GET "/assets/components/dropdown.self-8396e932f47c9e34318e60252b823fa6432bea237d646e163b2bc27699058e68.js?body=1" for ::1 at 2017-08-11 09:31:35 -0700
Started GET "/assets/application.self-8c802b72547709b1a237cd1005c8f86469c5b12cf4ccbb1b0ffe7eabbf4b1e2b.css?body=1" for ::1 at 2017-08-11 09:31:35 -0700
Started GET "/assets/components/modal.self-52188644dbb47def5ee35ae02e69eb567ca9b664472357a8a5789dd39032a265.js?body=1" for ::1 at 2017-08-11 09:31:35 -0700
Started GET "/assets/components/sidebar.self-2a1277f850a6fa21e1a974ef5152f177ac05516477d5081d593bb137b3d6808b.js?body=1" for ::1 at 2017-08-11 09:31:35 -0700
Started GET "/assets/application.self-b89234cf2659d7fedea75bca0b8d231ad7dfc2f3f57fcbaf5f44ed9dc384137b.js?body=1" for ::1 at 2017-08-11 09:31:35 -0700
Started GET "/assets/application.self-8c802b72547709b1a237cd1005c8f86469c5b12cf4ccbb1b0ffe7eabbf4b1e2b.css?body=1&livereload=1502469121824" for ::1 at 2017-08-11 09:32:01 -0700
Started GET "/assets/application.self-8c802b72547709b1a237cd1005c8f86469c5b12cf4ccbb1b0ffe7eabbf4b1e2b.css?body=1&livereload=1502469121826" for ::1 at 2017-08-11 09:32:01 -0700
Started GET "/assets/application.self-8c802b72547709b1a237cd1005c8f86469c5b12cf4ccbb1b0ffe7eabbf4b1e2b.css?body=1&livereload=1502469151666" for ::1 at 2017-08-11 09:32:31 -0700
Started GET "/assets/application.self-8c802b72547709b1a237cd1005c8f86469c5b12cf4ccbb1b0ffe7eabbf4b1e2b.css?body=1&livereload=1502469151667" for ::1 at 2017-08-11 09:32:31 -0700
Started GET "/" for ::1 at 2017-08-11 09:32:40 -0700
Processing by StaticPagesController#index as HTML
  Rendering static_pages/index.html.erb within layouts/application
  Rendered shared/_main_nav.html.erb (0.2ms)
  Rendered shared/_masthead.html.erb (0.2ms)
  Rendered shared/_sections_nav.html.erb (0.3ms)
  Rendered shared/_search_modal.html.erb (0.3ms)
  Rendered shared/_main_content.html.erb (0.2ms)
  Rendered static_pages/index.html.erb within layouts/application (9.4ms)
Completed 200 OK in 34ms (Views: 32.3ms | ActiveRecord: 0.0ms)


Started GET "/assets/application.self-1edc63faca122a019aa714829070ea6dc88642642a0ab20515947db11515d66e.css?body=1" for ::1 at 2017-08-11 09:32:40 -0700
Started GET "/assets/application.self-1edc63faca122a019aa714829070ea6dc88642642a0ab20515947db11515d66e.css?body=1&livereload=1502469191502" for ::1 at 2017-08-11 09:33:11 -0700
Started GET "/assets/application.self-1edc63faca122a019aa714829070ea6dc88642642a0ab20515947db11515d66e.css?body=1&livereload=1502469191503" for ::1 at 2017-08-11 09:33:11 -0700
Started GET "/assets/application.self-1edc63faca122a019aa714829070ea6dc88642642a0ab20515947db11515d66e.css?body=1&livereload=1502469234565" for ::1 at 2017-08-11 09:33:54 -0700
Started GET "/assets/application.self-1edc63faca122a019aa714829070ea6dc88642642a0ab20515947db11515d66e.css?body=1&livereload=1502469234566" for ::1 at 2017-08-11 09:33:54 -0700
Started GET "/assets/application.self-1edc63faca122a019aa714829070ea6dc88642642a0ab20515947db11515d66e.css?body=1&livereload=1502469253525" for ::1 at 2017-08-11 09:34:13 -0700
Started GET "/assets/application.self-1edc63faca122a019aa714829070ea6dc88642642a0ab20515947db11515d66e.css?body=1&livereload=1502469253526" for ::1 at 2017-08-11 09:34:13 -0700
Started GET "/" for ::1 at 2017-08-11 11:56:38 -0700
Processing by StaticPagesController#index as HTML
  Rendering static_pages/index.html.erb within layouts/application
  Rendered shared/_main_nav.html.erb (0.3ms)
  Rendered shared/_masthead.html.erb (0.2ms)
  Rendered shared/_sections_nav.html.erb (0.2ms)
  Rendered shared/_search_modal.html.erb (0.2ms)
  Rendered shared/_main_content.html.erb (0.2ms)
  Rendered static_pages/index.html.erb within layouts/application (8.7ms)
Completed 200 OK in 33ms (Views: 30.9ms | ActiveRecord: 0.0ms)


Started GET "/assets/application.self-5ba7386949a4f6f9823739ba6775487d47bc824d34952c0ca29316ae7d3f4d53.css?body=1" for ::1 at 2017-08-11 11:56:38 -0700
Started GET "/" for ::1 at 2017-08-11 11:57:46 -0700
Processing by StaticPagesController#index as HTML
  Rendering static_pages/index.html.erb within layouts/application
  Rendered shared/_main_nav.html.erb (0.2ms)
  Rendered shared/_masthead.html.erb (0.2ms)
  Rendered shared/_sections_nav.html.erb (0.2ms)
  Rendered shared/_search_modal.html.erb (0.3ms)
  Rendered shared/_main_content.html.erb (0.3ms)
  Rendered static_pages/index.html.erb within layouts/application (8.7ms)
Completed 200 OK in 25ms (Views: 22.8ms | ActiveRecord: 0.0ms)


Started GET "/" for ::1 at 2017-08-11 11:57:47 -0700
Processing by StaticPagesController#index as HTML
  Rendering static_pages/index.html.erb within layouts/application
  Rendered shared/_main_nav.html.erb (0.2ms)
  Rendered shared/_masthead.html.erb (0.3ms)
  Rendered shared/_sections_nav.html.erb (0.7ms)
  Rendered shared/_search_modal.html.erb (0.2ms)
  Rendered shared/_main_content.html.erb (0.2ms)
  Rendered static_pages/index.html.erb within layouts/application (9.9ms)
Completed 200 OK in 24ms (Views: 22.7ms | ActiveRecord: 0.0ms)


Started GET "/" for ::1 at 2017-08-11 12:00:21 -0700
Processing by StaticPagesController#index as HTML
  Rendering static_pages/index.html.erb within layouts/application
  Rendered shared/_main_nav.html.erb (0.3ms)
  Rendered shared/_masthead.html.erb (0.3ms)
  Rendered shared/_sections_nav.html.erb (0.2ms)
  Rendered shared/_search_modal.html.erb (0.4ms)
  Rendered shared/_main_content.html.erb (0.3ms)
  Rendered static_pages/index.html.erb within layouts/application (9.4ms)
Completed 200 OK in 33ms (Views: 31.6ms | ActiveRecord: 0.0ms)


Started GET "/" for ::1 at 2017-08-11 12:00:28 -0700
Processing by StaticPagesController#index as HTML
  Rendering static_pages/index.html.erb within layouts/application
  Rendered shared/_main_nav.html.erb (0.2ms)
  Rendered shared/_masthead.html.erb (0.2ms)
  Rendered shared/_sections_nav.html.erb (0.2ms)
  Rendered shared/_search_modal.html.erb (0.7ms)
  Rendered shared/_main_content.html.erb (0.3ms)
  Rendered static_pages/index.html.erb within layouts/application (9.8ms)
Completed 200 OK in 27ms (Views: 25.0ms | ActiveRecord: 0.0ms)


Started GET "/" for ::1 at 2017-08-11 12:01:49 -0700
Processing by StaticPagesController#index as HTML
  Rendering static_pages/index.html.erb within layouts/application
  Rendered shared/_main_nav.html.erb (0.4ms)
  Rendered shared/_masthead.html.erb (0.3ms)
  Rendered shared/_sections_nav.html.erb (0.2ms)
  Rendered shared/_search_modal.html.erb (0.2ms)
  Rendered shared/_main_content.html.erb (0.2ms)
  Rendered static_pages/index.html.erb within layouts/application (10.0ms)
Completed 200 OK in 34ms (Views: 31.8ms | ActiveRecord: 0.0ms)


Started GET "/" for ::1 at 2017-08-11 12:01:50 -0700
Processing by StaticPagesController#index as HTML
  Rendering static_pages/index.html.erb within layouts/application
  Rendered shared/_main_nav.html.erb (0.3ms)
  Rendered shared/_masthead.html.erb (0.5ms)
  Rendered shared/_sections_nav.html.erb (0.3ms)
  Rendered shared/_search_modal.html.erb (0.2ms)
  Rendered shared/_main_content.html.erb (0.2ms)
  Rendered static_pages/index.html.erb within layouts/application (8.9ms)
Completed 200 OK in 32ms (Views: 30.1ms | ActiveRecord: 0.0ms)


Started GET "/" for ::1 at 2017-08-11 12:03:27 -0700
Processing by StaticPagesController#index as HTML
  Rendering static_pages/index.html.erb within layouts/application
  Rendered shared/_main_nav.html.erb (0.2ms)
  Rendered shared/_masthead.html.erb (0.3ms)
  Rendered shared/_sections_nav.html.erb (0.2ms)
  Rendered shared/_search_modal.html.erb (0.3ms)
  Rendered shared/_main_content.html.erb (0.2ms)
  Rendered static_pages/index.html.erb within layouts/application (9.9ms)
Completed 200 OK in 27ms (Views: 24.9ms | ActiveRecord: 0.0ms)


Started GET "/" for ::1 at 2017-08-11 12:03:58 -0700
Processing by StaticPagesController#index as HTML
  Rendering static_pages/index.html.erb within layouts/application
  Rendered shared/_main_nav.html.erb (0.3ms)
  Rendered shared/_masthead.html.erb (0.3ms)
  Rendered shared/_sections_nav.html.erb (0.2ms)
  Rendered shared/_search_modal.html.erb (0.3ms)
  Rendered shared/_main_content.html.erb (0.3ms)
  Rendered static_pages/index.html.erb within layouts/application (9.6ms)
Completed 200 OK in 27ms (Views: 24.8ms | ActiveRecord: 0.0ms)


Started GET "/assets/application.self-5ba7386949a4f6f9823739ba6775487d47bc824d34952c0ca29316ae7d3f4d53.css?body=1&livereload=1502478477695" for ::1 at 2017-08-11 12:07:57 -0700
Started GET "/assets/application.self-5ba7386949a4f6f9823739ba6775487d47bc824d34952c0ca29316ae7d3f4d53.css?body=1&livereload=1502478477698" for ::1 at 2017-08-11 12:07:57 -0700
Started GET "/assets/application.self-5ba7386949a4f6f9823739ba6775487d47bc824d34952c0ca29316ae7d3f4d53.css?body=1&livereload=1502478485911" for ::1 at 2017-08-11 12:08:05 -0700
Started GET "/assets/application.self-5ba7386949a4f6f9823739ba6775487d47bc824d34952c0ca29316ae7d3f4d53.css?body=1&livereload=1502478485913" for ::1 at 2017-08-11 12:08:05 -0700
Started GET "/" for ::1 at 2017-08-12 23:31:47 -0700
Processing by StaticPagesController#index as HTML
  Rendering static_pages/index.html.erb within layouts/application
  Rendered shared/_main_nav.html.erb (0.5ms)
  Rendered shared/_masthead.html.erb (0.5ms)
  Rendered shared/_sections_nav.html.erb (0.5ms)
  Rendered shared/_search_modal.html.erb (0.5ms)
  Rendered shared/_main_content.html.erb (0.9ms)
  Rendered static_pages/index.html.erb within layouts/application (16.2ms)
Completed 200 OK in 89ms (Views: 80.1ms | ActiveRecord: 0.0ms)


Started GET "/assets/application.self-5ba7386949a4f6f9823739ba6775487d47bc824d34952c0ca29316ae7d3f4d53.css?body=1" for ::1 at 2017-08-12 23:31:47 -0700
Started GET "/assets/jquery_ujs.self-784a997f6726036b1993eb2217c9cb558e1cbb801c6da88105588c56f13b466a.js?body=1" for ::1 at 2017-08-12 23:31:47 -0700
Started GET "/assets/components/modal.self-52188644dbb47def5ee35ae02e69eb567ca9b664472357a8a5789dd39032a265.js?body=1" for ::1 at 2017-08-12 23:31:47 -0700
Started GET "/assets/turbolinks.self-c5acd7a204f5f25ce7a1d8a0e4d92e28d34c9e2df2c7371cd7af88e147e4ad82.js?body=1" for ::1 at 2017-08-12 23:31:47 -0700
Started GET "/assets/components/sidebar.self-2a1277f850a6fa21e1a974ef5152f177ac05516477d5081d593bb137b3d6808b.js?body=1" for ::1 at 2017-08-12 23:31:47 -0700
Started GET "/assets/jquery.self-bd7ddd393353a8d2480a622e80342adf488fb6006d667e8b42e4c0073393abee.js?body=1" for ::1 at 2017-08-12 23:31:47 -0700
Started GET "/assets/components/dropdown.self-8396e932f47c9e34318e60252b823fa6432bea237d646e163b2bc27699058e68.js?body=1" for ::1 at 2017-08-12 23:31:47 -0700
Started GET "/assets/application.self-b89234cf2659d7fedea75bca0b8d231ad7dfc2f3f57fcbaf5f44ed9dc384137b.js?body=1" for ::1 at 2017-08-12 23:31:47 -0700
Started GET "/assets/AA_Times_Logo.png" for ::1 at 2017-08-12 23:31:47 -0700
Started GET "/" for ::1 at 2017-08-12 23:32:12 -0700
Processing by StaticPagesController#index as HTML
  Rendering static_pages/index.html.erb within layouts/application
  Rendered shared/_main_nav.html.erb (0.8ms)
  Rendered shared/_masthead.html.erb (0.4ms)
  Rendered shared/_sections_nav.html.erb (0.3ms)
  Rendered shared/_search_modal.html.erb (0.3ms)
  Rendered shared/_main_content.html.erb (0.3ms)
  Rendered static_pages/index.html.erb within layouts/application (12.9ms)
Completed 200 OK in 37ms (Views: 34.9ms | ActiveRecord: 0.0ms)


Started GET "/assets/AA_Times_Logo.png" for ::1 at 2017-08-12 23:32:12 -0700
Started GET "/" for ::1 at 2017-08-12 23:38:03 -0700
Processing by StaticPagesController#index as HTML
  Rendering static_pages/index.html.erb within layouts/application
  Rendered shared/_main_nav.html.erb (0.3ms)
  Rendered shared/_masthead.html.erb (0.3ms)
  Rendered shared/_sections_nav.html.erb (0.3ms)
  Rendered shared/_search_modal.html.erb (0.3ms)
  Rendered shared/_main_content.html.erb (0.3ms)
  Rendered static_pages/index.html.erb within layouts/application (9.4ms)
Completed 200 OK in 34ms (Views: 31.8ms | ActiveRecord: 0.0ms)


Started GET "/assets/AA_Times_Logo.png" for ::1 at 2017-08-12 23:38:03 -0700
Started GET "/assets/application.self-5ba7386949a4f6f9823739ba6775487d47bc824d34952c0ca29316ae7d3f4d53.css?body=1&livereload=1502606715827" for ::1 at 2017-08-12 23:45:15 -0700
Started GET "/assets/application.self-5ba7386949a4f6f9823739ba6775487d47bc824d34952c0ca29316ae7d3f4d53.css?body=1&livereload=1502606715829" for ::1 at 2017-08-12 23:45:15 -0700
Started GET "/" for ::1 at 2017-08-12 23:45:43 -0700
Processing by StaticPagesController#index as HTML
  Rendering static_pages/index.html.erb within layouts/application
  Rendered shared/_main_nav.html.erb (0.3ms)
  Rendered shared/_masthead.html.erb (0.4ms)
  Rendered shared/_sections_nav.html.erb (0.3ms)
  Rendered shared/_search_modal.html.erb (0.3ms)
  Rendered shared/_main_content.html.erb (0.3ms)
  Rendered static_pages/index.html.erb within layouts/application (9.6ms)
Completed 500 Internal Server Error in 62ms (ActiveRecord: 0.0ms)


DEPRECATION WARNING: #original_exception is deprecated. Use #cause instead. (called from initialize at /Users/kevinmathews/.rbenv/versions/2.3.1/lib/ruby/gems/2.3.0/gems/better_errors-2.1.1/lib/better_errors/raised_exception.rb:7)
DEPRECATION WARNING: #original_exception is deprecated. Use #cause instead. (called from initialize at /Users/kevinmathews/.rbenv/versions/2.3.1/lib/ruby/gems/2.3.0/gems/better_errors-2.1.1/lib/better_errors/raised_exception.rb:8)

Sass::SyntaxError - Invalid CSS after "</header>": expected "{", was "":
  sass (3.4.22) lib/sass/scss/parser.rb:1189:in `expected'
  sass (3.4.22) lib/sass/scss/parser.rb:1125:in `expected'
  sass (3.4.22) lib/sass/scss/parser.rb:1120:in `tok!'
  sass (3.4.22) lib/sass/scss/parser.rb:656:in `block'
  sass (3.4.22) lib/sass/scss/parser.rb:649:in `ruleset'
  sass (3.4.22) lib/sass/scss/parser.rb:675:in `block_child'
  sass (3.4.22) lib/sass/scss/parser.rb:665:in `block_contents'
  sass (3.4.22) lib/sass/scss/parser.rb:125:in `stylesheet'
  sass (3.4.22) lib/sass/scss/parser.rb:41:in `parse'
  sass (3.4.22) lib/sass/engine.rb:406:in `_to_tree'
  sass (3.4.22) lib/sass/engine.rb:312:in `to_tree'
  sass (3.4.22) lib/sass/tree/visitors/perform.rb:326:in `block in visit_import'
  sass (3.4.22) lib/sass/stack.rb:88:in `block in with_import'
  sass (3.4.22) lib/sass/stack.rb:115:in `with_frame'
  sass (3.4.22) lib/sass/stack.rb:88:in `with_import'
  sass (3.4.22) lib/sass/tree/visitors/perform.rb:325:in `visit_import'
  sass (3.4.22) lib/sass/tree/visitors/base.rb:36:in `visit'
  sass (3.4.22) lib/sass/tree/visitors/perform.rb:160:in `block in visit'
  sass (3.4.22) lib/sass/stack.rb:79:in `block in with_base'
  sass (3.4.22) lib/sass/stack.rb:115:in `with_frame'
  sass (3.4.22) lib/sass/stack.rb:79:in `with_base'
  sass (3.4.22) lib/sass/tree/visitors/perform.rb:160:in `visit'
  sass (3.4.22) lib/sass/tree/visitors/perform.rb:328:in `block (2 levels) in visit_import'
  sass (3.4.22) lib/sass/tree/visitors/perform.rb:328:in `block in visit_import'
  sass (3.4.22) lib/sass/stack.rb:88:in `block in with_import'
  sass (3.4.22) lib/sass/stack.rb:115:in `with_frame'
  sass (3.4.22) lib/sass/stack.rb:88:in `with_import'
  sass (3.4.22) lib/sass/tree/visitors/perform.rb:325:in `visit_import'
  sass (3.4.22) lib/sass/tree/visitors/base.rb:36:in `visit'
  sass (3.4.22) lib/sass/tree/visitors/perform.rb:160:in `block in visit'
  sass (3.4.22) lib/sass/stack.rb:79:in `block in with_base'
  sass (3.4.22) lib/sass/stack.rb:115:in `with_frame'
  sass (3.4.22) lib/sass/stack.rb:79:in `with_base'
  sass (3.4.22) lib/sass/tree/visitors/perform.rb:160:in `visit'
  sass (3.4.22) lib/sass/tree/visitors/base.rb:52:in `block in visit_children'
  sass (3.4.22) lib/sass/tree/visitors/base.rb:52:in `visit_children'
  sass (3.4.22) lib/sass/tree/visitors/perform.rb:169:in `block in visit_children'
  sass (3.4.22) lib/sass/tree/visitors/perform.rb:181:in `with_environment'
  sass (3.4.22) lib/sass/tree/visitors/perform.rb:168:in `visit_children'
  sass (3.4.22) lib/sass/tree/visitors/base.rb:36:in `block in visit'
  sass (3.4.22) lib/sass/tree/visitors/perform.rb:188:in `visit_root'
  sass (3.4.22) lib/sass/tree/visitors/base.rb:36:in `visit'
  sass (3.4.22) lib/sass/tree/visitors/perform.rb:159:in `visit'
  sass (3.4.22) lib/sass/tree/visitors/perform.rb:8:in `visit'
  sass (3.4.22) lib/sass/tree/root_node.rb:36:in `css_tree'
  sass (3.4.22) lib/sass/tree/root_node.rb:20:in `render'
  sass (3.4.22) lib/sass/engine.rb:281:in `render'
  sass-rails (5.0.6) lib/sass/rails/template.rb:47:in `evaluate'
  tilt (2.0.5) lib/tilt/template.rb:102:in `render'
  sprockets (3.7.0) lib/sprockets/legacy_tilt_processor.rb:25:in `call'
  sprockets (3.7.0) lib/sprockets/processor_utils.rb:75:in `call_processor'
  sprockets (3.7.0) lib/sprockets/processor_utils.rb:57:in `block in call_processors'
  sprockets (3.7.0) lib/sprockets/processor_utils.rb:56:in `call_processors'
  sprockets (3.7.0) lib/sprockets/loader.rb:134:in `load_from_unloaded'
  sprockets (3.7.0) lib/sprockets/loader.rb:60:in `block in load'
  sprockets (3.7.0) lib/sprockets/loader.rb:317:in `fetch_asset_from_dependency_cache'
  sprockets (3.7.0) lib/sprockets/loader.rb:44:in `load'
  sprockets (3.7.0) lib/sprockets/cached_environment.rb:20:in `block in initialize'
  sprockets (3.7.0) lib/sprockets/cached_environment.rb:47:in `load'
  sprockets (3.7.0) lib/sprockets/bundle.rb:23:in `block in call'
  sprockets (3.7.0) lib/sprockets/utils.rb:196:in `dfs'
  sprockets (3.7.0) lib/sprockets/bundle.rb:24:in `call'
  sprockets (3.7.0) lib/sprockets/processor_utils.rb:75:in `call_processor'
  sprockets (3.7.0) lib/sprockets/processor_utils.rb:57:in `block in call_processors'
  sprockets (3.7.0) lib/sprockets/processor_utils.rb:56:in `call_processors'
  sprockets (3.7.0) lib/sprockets/loader.rb:134:in `load_from_unloaded'
  sprockets (3.7.0) lib/sprockets/loader.rb:60:in `block in load'
  sprockets (3.7.0) lib/sprockets/loader.rb:317:in `fetch_asset_from_dependency_cache'
  sprockets (3.7.0) lib/sprockets/loader.rb:44:in `load'
  sprockets (3.7.0) lib/sprockets/cached_environment.rb:20:in `block in initialize'
  sprockets (3.7.0) lib/sprockets/cached_environment.rb:47:in `load'
  sprockets (3.7.0) lib/sprockets/base.rb:66:in `find_asset'
  sprockets (3.7.0) lib/sprockets/base.rb:92:in `[]'
  sprockets-rails (3.2.0) lib/sprockets/rails/helper.rb:355:in `find_asset'
  sprockets-rails (3.2.0) lib/sprockets/rails/helper.rb:347:in `find_debug_asset'
  sprockets-rails (3.2.0) lib/sprockets/rails/helper.rb:229:in `block in lookup_debug_asset'
  sprockets-rails (3.2.0) lib/sprockets/rails/helper.rb:242:in `block in resolve_asset'
  sprockets-rails (3.2.0) lib/sprockets/rails/helper.rb:241:in `resolve_asset'
  sprockets-rails (3.2.0) lib/sprockets/rails/helper.rb:228:in `lookup_debug_asset'
  sprockets-rails (3.2.0) lib/sprockets/rails/helper.rb:170:in `block in stylesheet_link_tag'
  sprockets-rails (3.2.0) lib/sprockets/rails/helper.rb:169:in `stylesheet_link_tag'
  app/views/layouts/application.html.erb:7:in `_app_views_layouts_application_html_erb__13686755558079366_70277620748280'
  actionview (5.0.0.1) lib/action_view/template.rb:158:in `block in render'
  activesupport (5.0.0.1) lib/active_support/notifications.rb:166:in `instrument'
  actionview (5.0.0.1) lib/action_view/template.rb:348:in `instrument'
  actionview (5.0.0.1) lib/action_view/template.rb:156:in `render'
  actionview (5.0.0.1) lib/action_view/renderer/template_renderer.rb:66:in `render_with_layout'
  actionview (5.0.0.1) lib/action_view/renderer/template_renderer.rb:52:in `render_template'
  actionview (5.0.0.1) lib/action_view/renderer/template_renderer.rb:14:in `render'
  actionview (5.0.0.1) lib/action_view/renderer/renderer.rb:42:in `render_template'
  actionview (5.0.0.1) lib/action_view/renderer/renderer.rb:23:in `render'
  actionview (5.0.0.1) lib/action_view/rendering.rb:103:in `_render_template'
  actionpack (5.0.0.1) lib/action_controller/metal/streaming.rb:217:in `_render_template'
  actionview (5.0.0.1) lib/action_view/rendering.rb:83:in `render_to_body'
  actionpack (5.0.0.1) lib/action_controller/metal/rendering.rb:52:in `render_to_body'
  actionpack (5.0.0.1) lib/action_controller/metal/renderers.rb:144:in `render_to_body'
  actionpack (5.0.0.1) lib/abstract_controller/rendering.rb:26:in `render'
  actionpack (5.0.0.1) lib/action_controller/metal/rendering.rb:36:in `render'
  actionpack (5.0.0.1) lib/action_controller/metal/instrumentation.rb:44:in `block (2 levels) in render'
  activesupport (5.0.0.1) lib/active_support/core_ext/benchmark.rb:12:in `block in ms'
  /Users/kevinmathews/.rbenv/versions/2.3.1/lib/ruby/2.3.0/benchmark.rb:308:in `realtime'
  activesupport (5.0.0.1) lib/active_support/core_ext/benchmark.rb:12:in `ms'
  actionpack (5.0.0.1) lib/action_controller/metal/instrumentation.rb:44:in `block in render'
  actionpack (5.0.0.1) lib/action_controller/metal/instrumentation.rb:87:in `cleanup_view_runtime'
  activerecord (5.0.0.1) lib/active_record/railties/controller_runtime.rb:25:in `cleanup_view_runtime'
  actionpack (5.0.0.1) lib/action_controller/metal/instrumentation.rb:43:in `render'
  actionpack (5.0.0.1) lib/action_controller/metal/implicit_render.rb:36:in `default_render'
  actionpack (5.0.0.1) lib/action_controller/metal/basic_implicit_render.rb:4:in `block in send_action'
  actionpack (5.0.0.1) lib/action_controller/metal/basic_implicit_render.rb:4:in `send_action'
  actionpack (5.0.0.1) lib/abstract_controller/base.rb:188:in `process_action'
  actionpack (5.0.0.1) lib/action_controller/metal/rendering.rb:30:in `process_action'
  actionpack (5.0.0.1) lib/abstract_controller/callbacks.rb:20:in `block in process_action'
  activesupport (5.0.0.1) lib/active_support/callbacks.rb:126:in `call'
  activesupport (5.0.0.1) lib/active_support/callbacks.rb:506:in `block (2 levels) in compile'
  activesupport (5.0.0.1) lib/active_support/callbacks.rb:455:in `call'
  activesupport (5.0.0.1) lib/active_support/callbacks.rb:101:in `__run_callbacks__'
  activesupport (5.0.0.1) lib/active_support/callbacks.rb:750:in `_run_process_action_callbacks'
  activesupport (5.0.0.1) lib/active_support/callbacks.rb:90:in `run_callbacks'
  actionpack (5.0.0.1) lib/abstract_controller/callbacks.rb:19:in `process_action'
  actionpack (5.0.0.1) lib/action_controller/metal/rescue.rb:20:in `process_action'
  actionpack (5.0.0.1) lib/action_controller/metal/instrumentation.rb:32:in `block in process_action'
  activesupport (5.0.0.1) lib/active_support/notifications.rb:164:in `block in instrument'
  activesupport (5.0.0.1) lib/active_support/notifications/instrumenter.rb:21:in `instrument'
  activesupport (5.0.0.1) lib/active_support/notifications.rb:164:in `instrument'
  actionpack (5.0.0.1) lib/action_controller/metal/instrumentation.rb:30:in `process_action'
  actionpack (5.0.0.1) lib/action_controller/metal/params_wrapper.rb:248:in `process_action'
  activerecord (5.0.0.1) lib/active_record/railties/controller_runtime.rb:18:in `process_action'
  actionpack (5.0.0.1) lib/abstract_controller/base.rb:126:in `process'
  actionview (5.0.0.1) lib/action_view/rendering.rb:30:in `process'
  actionpack (5.0.0.1) lib/action_controller/metal.rb:190:in `dispatch'
  actionpack (5.0.0.1) lib/action_controller/metal.rb:262:in `dispatch'
  actionpack (5.0.0.1) lib/action_dispatch/routing/route_set.rb:50:in `dispatch'
  actionpack (5.0.0.1) lib/action_dispatch/routing/route_set.rb:32:in `serve'
  actionpack (5.0.0.1) lib/action_dispatch/journey/router.rb:39:in `block in serve'
  actionpack (5.0.0.1) lib/action_dispatch/journey/router.rb:26:in `serve'
  actionpack (5.0.0.1) lib/action_dispatch/routing/route_set.rb:725:in `call'
  rack (2.0.1) lib/rack/etag.rb:25:in `call'
  rack (2.0.1) lib/rack/conditional_get.rb:25:in `call'
  rack (2.0.1) lib/rack/head.rb:12:in `call'
  rack (2.0.1) lib/rack/session/abstract/id.rb:222:in `context'
  rack (2.0.1) lib/rack/session/abstract/id.rb:216:in `call'
  actionpack (5.0.0.1) lib/action_dispatch/middleware/cookies.rb:613:in `call'
  activerecord (5.0.0.1) lib/active_record/migration.rb:552:in `call'
  actionpack (5.0.0.1) lib/action_dispatch/middleware/callbacks.rb:38:in `block in call'
  activesupport (5.0.0.1) lib/active_support/callbacks.rb:97:in `__run_callbacks__'
  activesupport (5.0.0.1) lib/active_support/callbacks.rb:750:in `_run_call_callbacks'
  activesupport (5.0.0.1) lib/active_support/callbacks.rb:90:in `run_callbacks'
  actionpack (5.0.0.1) lib/action_dispatch/middleware/callbacks.rb:36:in `call'
  actionpack (5.0.0.1) lib/action_dispatch/middleware/executor.rb:12:in `call'
  actionpack (5.0.0.1) lib/action_dispatch/middleware/remote_ip.rb:79:in `call'
  better_errors (2.1.1) lib/better_errors/middleware.rb:84:in `protected_app_call'
  better_errors (2.1.1) lib/better_errors/middleware.rb:79:in `better_errors_call'
  better_errors (2.1.1) lib/better_errors/middleware.rb:57:in `call'
  actionpack (5.0.0.1) lib/action_dispatch/middleware/debug_exceptions.rb:49:in `call'
  web-console (3.3.1) lib/web_console/middleware.rb:131:in `call_app'
  web-console (3.3.1) lib/web_console/middleware.rb:28:in `block in call'
  web-console (3.3.1) lib/web_console/middleware.rb:18:in `call'
  actionpack (5.0.0.1) lib/action_dispatch/middleware/show_exceptions.rb:31:in `call'
  railties (5.0.0.1) lib/rails/rack/logger.rb:36:in `call_app'
  railties (5.0.0.1) lib/rails/rack/logger.rb:24:in `block in call'
  activesupport (5.0.0.1) lib/active_support/tagged_logging.rb:70:in `block in tagged'
  activesupport (5.0.0.1) lib/active_support/tagged_logging.rb:26:in `tagged'
  activesupport (5.0.0.1) lib/active_support/tagged_logging.rb:70:in `tagged'
  railties (5.0.0.1) lib/rails/rack/logger.rb:24:in `call'
  actionpack (5.0.0.1) lib/action_dispatch/middleware/request_id.rb:24:in `call'
  rack (2.0.1) lib/rack/method_override.rb:22:in `call'
  rack (2.0.1) lib/rack/runtime.rb:22:in `call'
  activesupport (5.0.0.1) lib/active_support/cache/strategy/local_cache_middleware.rb:28:in `call'
  actionpack (5.0.0.1) lib/action_dispatch/middleware/executor.rb:12:in `call'
  rack-livereload (0.3.16) lib/rack/livereload.rb:23:in `_call'
  rack-livereload (0.3.16) lib/rack/livereload.rb:14:in `call'
  actionpack (5.0.0.1) lib/action_dispatch/middleware/static.rb:136:in `call'
  rack (2.0.1) lib/rack/sendfile.rb:111:in `call'
  railties (5.0.0.1) lib/rails/engine.rb:522:in `call'
  puma (3.6.0) lib/puma/configuration.rb:225:in `call'
  puma (3.6.0) lib/puma/server.rb:578:in `handle_request'
  puma (3.6.0) lib/puma/server.rb:415:in `process_client'
  puma (3.6.0) lib/puma/server.rb:275:in `block in run'
  puma (3.6.0) lib/puma/thread_pool.rb:116:in `block in spawn_thread'

Started POST "/__better_errors/19f58d5914c29344/variables" for ::1 at 2017-08-12 23:45:43 -0700
Started GET "/" for ::1 at 2017-08-12 23:45:49 -0700
Processing by StaticPagesController#index as HTML
  Rendering static_pages/index.html.erb within layouts/application
  Rendered shared/_main_nav.html.erb (0.2ms)
  Rendered shared/_masthead.html.erb (0.3ms)
  Rendered shared/_sections_nav.html.erb (0.2ms)
  Rendered shared/_search_modal.html.erb (0.3ms)
  Rendered shared/_main_content.html.erb (0.2ms)
  Rendered static_pages/index.html.erb within layouts/application (9.0ms)
Completed 200 OK in 92ms (Views: 90.4ms | ActiveRecord: 0.0ms)


Started GET "/assets/application.self-dded7c6973fa4c55b02a10de253b42b6eff1748e8dc9f3eef918700333c24877.css?body=1" for ::1 at 2017-08-12 23:45:49 -0700
Started GET "/assets/AA_Times_Logo.png" for ::1 at 2017-08-12 23:45:49 -0700
Started GET "/assets/application.self-dded7c6973fa4c55b02a10de253b42b6eff1748e8dc9f3eef918700333c24877.css?body=1&livereload=1502606778989" for ::1 at 2017-08-12 23:46:18 -0700
Started GET "/assets/application.self-dded7c6973fa4c55b02a10de253b42b6eff1748e8dc9f3eef918700333c24877.css?body=1&livereload=1502606778990" for ::1 at 2017-08-12 23:46:18 -0700
Started GET "/" for ::1 at 2017-08-12 23:46:19 -0700
Processing by StaticPagesController#index as HTML
  Rendering static_pages/index.html.erb within layouts/application
  Rendered shared/_main_nav.html.erb (0.3ms)
  Rendered shared/_masthead.html.erb (0.3ms)
  Rendered shared/_sections_nav.html.erb (0.3ms)
  Rendered shared/_search_modal.html.erb (0.2ms)
  Rendered shared/_main_content.html.erb (0.2ms)
  Rendered static_pages/index.html.erb within layouts/application (9.5ms)
Completed 200 OK in 38ms (Views: 34.7ms | ActiveRecord: 0.0ms)


Started GET "/assets/application.self-06dddb8c8d65559e5267ff99b5bde7ea830af28b7744915343e503b58afa4dd4.css?body=1" for ::1 at 2017-08-12 23:46:19 -0700
Started GET "/assets/AA_Times_Logo.png" for ::1 at 2017-08-12 23:46:19 -0700
Started GET "/" for ::1 at 2017-08-12 23:46:20 -0700
Processing by StaticPagesController#index as HTML
  Rendering static_pages/index.html.erb within layouts/application
  Rendered shared/_main_nav.html.erb (0.5ms)
  Rendered shared/_masthead.html.erb (0.5ms)
  Rendered shared/_sections_nav.html.erb (0.4ms)
  Rendered shared/_search_modal.html.erb (0.2ms)
  Rendered shared/_main_content.html.erb (0.3ms)
  Rendered static_pages/index.html.erb within layouts/application (9.2ms)
Completed 200 OK in 33ms (Views: 30.9ms | ActiveRecord: 0.0ms)


Started GET "/assets/AA_Times_Logo.png" for ::1 at 2017-08-12 23:46:20 -0700
Started GET "/" for ::1 at 2017-08-12 23:51:36 -0700
Processing by StaticPagesController#index as HTML
  Rendering static_pages/index.html.erb within layouts/application
  Rendered shared/_main_nav.html.erb (0.6ms)
  Rendered shared/_masthead.html.erb (0.6ms)
  Rendered shared/_sections_nav.html.erb (1.6ms)
  Rendered shared/_search_modal.html.erb (1.1ms)
  Rendered shared/_main_content.html.erb (0.4ms)
  Rendered static_pages/index.html.erb within layouts/application (21.1ms)
Completed 200 OK in 69ms (Views: 66.6ms | ActiveRecord: 0.0ms)


Started GET "/assets/AA_Times_Logo.png" for ::1 at 2017-08-12 23:51:36 -0700
Started GET "/assets/application.self-06dddb8c8d65559e5267ff99b5bde7ea830af28b7744915343e503b58afa4dd4.css?body=1&livereload=1502607100831" for ::1 at 2017-08-12 23:51:40 -0700
Started GET "/assets/application.self-06dddb8c8d65559e5267ff99b5bde7ea830af28b7744915343e503b58afa4dd4.css?body=1&livereload=1502607100834" for ::1 at 2017-08-12 23:51:40 -0700
Started GET "/" for ::1 at 2017-08-12 23:52:47 -0700
Processing by StaticPagesController#index as HTML
  Rendering static_pages/index.html.erb within layouts/application
  Rendered shared/_main_nav.html.erb (0.2ms)
  Rendered shared/_masthead.html.erb (0.2ms)
  Rendered shared/_sections_nav.html.erb (0.2ms)
  Rendered shared/_search_modal.html.erb (0.3ms)
  Rendered shared/_main_content.html.erb (0.2ms)
  Rendered static_pages/index.html.erb within layouts/application (9.6ms)
Completed 200 OK in 38ms (Views: 34.5ms | ActiveRecord: 0.0ms)


Started GET "/assets/application.self-5fdb7d3d3558d0c6ccff05028923b55178fa1f22689108e8a543c1020c6d3b50.css?body=1" for ::1 at 2017-08-12 23:52:47 -0700
Started GET "/assets/AA_Times_Logo.png" for ::1 at 2017-08-12 23:52:47 -0700
Started GET "/" for ::1 at 2017-08-12 23:52:49 -0700
Processing by StaticPagesController#index as HTML
  Rendering static_pages/index.html.erb within layouts/application
  Rendered shared/_main_nav.html.erb (0.2ms)
  Rendered shared/_masthead.html.erb (0.2ms)
  Rendered shared/_sections_nav.html.erb (0.3ms)
  Rendered shared/_search_modal.html.erb (0.3ms)
  Rendered shared/_main_content.html.erb (0.3ms)
  Rendered static_pages/index.html.erb within layouts/application (9.8ms)
Completed 200 OK in 33ms (Views: 31.7ms | ActiveRecord: 0.0ms)


Started GET "/assets/AA_Times_Logo.png" for ::1 at 2017-08-12 23:52:49 -0700
Started GET "/" for ::1 at 2017-08-12 23:52:51 -0700
Processing by StaticPagesController#index as HTML
  Rendering static_pages/index.html.erb within layouts/application
  Rendered shared/_main_nav.html.erb (0.7ms)
  Rendered shared/_masthead.html.erb (0.5ms)
  Rendered shared/_sections_nav.html.erb (0.4ms)
  Rendered shared/_search_modal.html.erb (0.2ms)
  Rendered shared/_main_content.html.erb (0.2ms)
  Rendered static_pages/index.html.erb within layouts/application (10.7ms)
Completed 200 OK in 46ms (Views: 43.1ms | ActiveRecord: 0.0ms)


Started GET "/assets/AA_Times_Logo.png" for ::1 at 2017-08-12 23:52:51 -0700
Started GET "/" for ::1 at 2017-08-13 00:04:04 -0700
Processing by StaticPagesController#index as HTML
  Rendering static_pages/index.html.erb within layouts/application
  Rendered shared/_main_nav.html.erb (0.3ms)
  Rendered shared/_masthead.html.erb (0.4ms)
  Rendered shared/_sections_nav.html.erb (0.3ms)
  Rendered shared/_search_modal.html.erb (0.2ms)
  Rendered shared/_main_content.html.erb (0.2ms)
  Rendered static_pages/index.html.erb within layouts/application (10.1ms)
Completed 200 OK in 31ms (Views: 29.3ms | ActiveRecord: 0.0ms)


Started GET "/assets/AA_Times_Logo.png" for ::1 at 2017-08-13 00:04:04 -0700
Started GET "/assets/application.self-5fdb7d3d3558d0c6ccff05028923b55178fa1f22689108e8a543c1020c6d3b50.css?body=1&livereload=1502607879432" for ::1 at 2017-08-13 00:04:39 -0700
Started GET "/assets/application.self-5fdb7d3d3558d0c6ccff05028923b55178fa1f22689108e8a543c1020c6d3b50.css?body=1&livereload=1502607879433" for ::1 at 2017-08-13 00:04:39 -0700
